<?xml version="1.0" encoding="UTF-8" ?>
<testsuite errors="0" failures="9" hostname="DESKTOP-9ONIFPR" name="HangmanLogicTest" skipped="0" tests="12" time="0.756" timestamp="2018-04-01T21:18:57">
  <properties>
[...]
</properties>
  <testcase classname="HangmanLogicTest" name="faultsZeroAtStart" time="0.002" />
  <testcase classname="HangmanLogicTest" name="guessedLetterIsAddedToTheSetOfGuessed" time="0.037">
    <failure message="The guessed letter should be included to the already guessed letters." type="junit.framework.AssertionFailedError">junit.framework.AssertionFailedError: The guessed letter should be included to the already guessed letters.
	at HangmanLogicTest.guessedLetterIsAddedToTheSetOfGuessed(HangmanLogicTest.java:44)
</failure>
  </testcase>
  <testcase classname="HangmanLogicTest" name="wrongGuessIncreasesFaults" time="0.0">
    <failure message="With a wrong guess, the number of faults should increase by one" type="junit.framework.AssertionFailedError">junit.framework.AssertionFailedError: With a wrong guess, the number of faults should increase by one
	at HangmanLogicTest.wrongGuessIncreasesFaults(HangmanLogicTest.java:35)
</failure>
  </testcase>
  <testcase classname="HangmanLogicTest" name="hiddenWordShort" time="0.001">
    <failure message="Hidden version of word length of four should be ____ expected:&lt;[____]&gt; but was:&lt;[]&gt;" type="junit.framework.AssertionFailedError">junit.framework.AssertionFailedError: Hidden version of word length of four should be ____ expected:&lt;[____]&gt; but was:&lt;[]&gt;
	at HangmanLogicTest.hiddenWordShort(HangmanLogicTest.java:109)
</failure>
  </testcase>
  <testcase classname="HangmanLogicTest" name="hiddenWordLong" time="0.0">
    <failure message="Hidden version of word length of eight should be  ________ expected:&lt;[________]&gt; but was:&lt;[]&gt;" type="junit.framework.AssertionFailedError">junit.framework.AssertionFailedError: Hidden version of word length of eight should be  ________ expected:&lt;[________]&gt; but was:&lt;[]&gt;
	at HangmanLogicTest.hiddenWordLong(HangmanLogicTest.java:100)
</failure>
  </testcase>
  <testcase classname="HangmanLogicTest" name="guessedLettersEmptyAtStart" time="0.0" />
  <testcase classname="HangmanLogicTest" name="guessedLetterIsAddedToTheSetOfGuessedOnlyOnce" time="0.0">
    <failure message="The guessed letter should be included to the already guessed only once!" type="junit.framework.AssertionFailedError">junit.framework.AssertionFailedError: The guessed letter should be included to the already guessed only once!
	at HangmanLogicTest.guessedLetterIsAddedToTheSetOfGuessedOnlyOnce(HangmanLogicTest.java:64)
</failure>
  </testcase>
  <testcase classname="HangmanLogicTest" name="guessedLetterIsAddedToTheSetOfGuessed2" time="0.0">
    <failure message="The guessed letter should be included to the already guessed letters." type="junit.framework.AssertionFailedError">junit.framework.AssertionFailedError: The guessed letter should be included to the already guessed letters.
	at HangmanLogicTest.guessedLetterIsAddedToTheSetOfGuessed2(HangmanLogicTest.java:54)
</failure>
  </testcase>
  <testcase classname="HangmanLogicTest" name="hiddenWordChangesWithCorrectGuesses" time="0.0">
    <failure message="When the word MOOC has letter O correctly guessed,the hidden word should be _OO_ expected:&lt;[_OO_]&gt; but was:&lt;[]&gt;" type="junit.framework.AssertionFailedError">junit.framework.AssertionFailedError: When the word MOOC has letter O correctly guessed,the hidden word should be _OO_ expected:&lt;[_OO_]&gt; but was:&lt;[]&gt;
	at HangmanLogicTest.hiddenWordChangesWithCorrectGuesses(HangmanLogicTest.java:119)
</failure>
  </testcase>
  <testcase classname="HangmanLogicTest" name="withTwoLetters" time="0.002">
    <failure message="The set of guessed letters should grow then two different letters guessed" type="junit.framework.AssertionFailedError">junit.framework.AssertionFailedError: The set of guessed letters should grow then two different letters guessed
	at HangmanLogicTest.withTwoLetters(HangmanLogicTest.java:90)
</failure>
  </testcase>
  <testcase classname="HangmanLogicTest" name="rightGuessHasNoEffectOnFaults" time="0.001" />
  <testcase classname="HangmanLogicTest" name="numberOfFaultsDoesNotIncreaseWithAlreadyGuessedLetter" time="0.001">
    <failure message="Number of faults should not increase if a already guessed letter is guessed again" type="junit.framework.AssertionFailedError">junit.framework.AssertionFailedError: Number of faults should not increase if a already guessed letter is guessed again
	at HangmanLogicTest.numberOfFaultsDoesNotIncreaseWithAlreadyGuessedLetter(HangmanLogicTest.java:75)
</failure>
  </testcase>
  <system-out><![CDATA[]]></system-out>
  <system-err><![CDATA[]]></system-err>
</testsuite>
